# JRE version: OpenJDK Runtime Environment (21.0.1+12) (build 21.0.1+12-29)
# Java VM: OpenJDK 64-Bit Server VM (21.0.1+12-29, mixed mode, sharing, tiered, compressed oops, compressed class ptrs, g1 gc, bsd-amd64)
Heap:
 garbage-first heap   total 264192K, used 126267K [0x0000000700000000, 0x0000000800000000)
  region size 2048K, 62 young (126976K), 2 survivors (4096K)
 Metaspace       used 8957K, committed 9152K, reserved 1114112K
  class space    used 869K, committed 960K, reserved 1048576K
GC Heap History (18 events):
Event: 30.806 GC heap before
{Heap before GC invocations=0 (full 0):
 garbage-first heap   total 264192K, used 23564K [0x0000000700000000, 0x0000000800000000)
  region size 2048K, 11 young (22528K), 0 survivors (0K)
 Metaspace       used 8378K, committed 8640K, reserved 1114112K
  class space    used 835K, committed 960K, reserved 1048576K
}
Event: 30.838 GC heap after
{Heap after GC invocations=1 (full 0):
 garbage-first heap   total 264192K, used 3379K [0x0000000700000000, 0x0000000800000000)
  region size 2048K, 2 young (4096K), 2 survivors (4096K)
 Metaspace       used 8378K, committed 8640K, reserved 1114112K
  class space    used 835K, committed 960K, reserved 1048576K
}
Event: 260.109 GC heap before
{Heap before GC invocations=1 (full 0):
 garbage-first heap   total 264192K, used 64819K [0x0000000700000000, 0x0000000800000000)
  region size 2048K, 33 young (67584K), 2 survivors (4096K)
 Metaspace       used 8699K, committed 8960K, reserved 1114112K
  class space    used 868K, committed 960K, reserved 1048576K
}
Event: 260.159 GC heap after
{Heap after GC invocations=2 (full 0):
 garbage-first heap   total 264192K, used 3449K [0x0000000700000000, 0x0000000800000000)
  region size 2048K, 2 young (4096K), 2 survivors (4096K)
 Metaspace       used 8699K, committed 8960K, reserved 1114112K
  class space    used 868K, committed 960K, reserved 1048576K
}
Event: 711.702 GC heap before
{Heap before GC invocations=2 (full 0):
 garbage-first heap   total 264192K, used 155001K [0x0000000700000000, 0x0000000800000000)
  region size 2048K, 76 young (155648K), 2 survivors (4096K)
 Metaspace       used 8899K, committed 9152K, reserved 1114112K
  class space    used 869K, committed 960K, reserved 1048576K
}
Event: 711.748 GC heap after
{Heap after GC invocations=3 (full 0):
 garbage-first heap   total 264192K, used 3508K [0x0000000700000000, 0x0000000800000000)
  region size 2048K, 2 young (4096K), 2 survivors (4096K)
 Metaspace       used 8899K, committed 9152K, reserved 1114112K
  class space    used 869K, committed 960K, reserved 1048576K
}
Event: 1198.886 GC heap before
{Heap before GC invocations=3 (full 0):
 garbage-first heap   total 264192K, used 153012K [0x0000000700000000, 0x0000000800000000)
  region size 2048K, 76 young (155648K), 2 survivors (4096K)
 Metaspace       used 8951K, committed 9152K, reserved 1114112K
  class space    used 869K, committed 960K, reserved 1048576K
}
Event: 1198.921 GC heap after
{Heap after GC invocations=4 (full 0):
 garbage-first heap   total 264192K, used 3640K [0x0000000700000000, 0x0000000800000000)
  region size 2048K, 2 young (4096K), 2 survivors (4096K)
 Metaspace       used 8951K, committed 9152K, reserved 1114112K
  class space    used 869K, committed 960K, reserved 1048576K
}
Event: 1690.585 GC heap before
{Heap before GC invocations=4 (full 0):
 garbage-first heap   total 264192K, used 153144K [0x0000000700000000, 0x0000000800000000)
  region size 2048K, 76 young (155648K), 2 survivors (4096K)
 Metaspace       used 8951K, committed 9152K, reserved 1114112K
  class space    used 869K, committed 960K, reserved 1048576K
}
Event: 1690.620 GC heap after
{Heap after GC invocations=5 (full 0):
 garbage-first heap   total 264192K, used 3587K [0x0000000700000000, 0x0000000800000000)
  region size 2048K, 2 young (4096K), 2 survivors (4096K)
 Metaspace       used 8951K, committed 9152K, reserved 1114112K
  class space    used 869K, committed 960K, reserved 1048576K
}
Event: 2174.550 GC heap before
{Heap before GC invocations=5 (full 0):
 garbage-first heap   total 264192K, used 153091K [0x0000000700000000, 0x0000000800000000)
  region size 2048K, 76 young (155648K), 2 survivors (4096K)
 Metaspace       used 8951K, committed 9152K, reserved 1114112K
  class space    used 869K, committed 960K, reserved 1048576K
}
Event: 2174.580 GC heap after
{Heap after GC invocations=6 (full 0):
 garbage-first heap   total 264192K, used 3722K [0x0000000700000000, 0x0000000800000000)
  region size 2048K, 2 young (4096K), 2 survivors (4096K)
 Metaspace       used 8951K, committed 9152K, reserved 1114112K
  class space    used 869K, committed 960K, reserved 1048576K
}
Event: 2618.378 GC heap before
{Heap before GC invocations=6 (full 0):
 garbage-first heap   total 264192K, used 153226K [0x0000000700000000, 0x0000000800000000)
  region size 2048K, 76 young (155648K), 2 survivors (4096K)
 Metaspace       used 8953K, committed 9152K, reserved 1114112K
  class space    used 869K, committed 960K, reserved 1048576K
}
Event: 2618.414 GC heap after
{Heap after GC invocations=7 (full 0):
 garbage-first heap   total 264192K, used 3650K [0x0000000700000000, 0x0000000800000000)
  region size 2048K, 2 young (4096K), 2 survivors (4096K)
 Metaspace       used 8953K, committed 9152K, reserved 1114112K
  class space    used 869K, committed 960K, reserved 1048576K
}
Event: 3057.845 GC heap before
{Heap before GC invocations=7 (full 0):
 garbage-first heap   total 264192K, used 153154K [0x0000000700000000, 0x0000000800000000)
  region size 2048K, 76 young (155648K), 2 survivors (4096K)
 Metaspace       used 8956K, committed 9152K, reserved 1114112K
  class space    used 869K, committed 960K, reserved 1048576K
}
Event: 3057.903 GC heap after
{Heap after GC invocations=8 (full 0):
 garbage-first heap   total 264192K, used 3655K [0x0000000700000000, 0x0000000800000000)
  region size 2048K, 2 young (4096K), 2 survivors (4096K)
 Metaspace       used 8956K, committed 9152K, reserved 1114112K
  class space    used 869K, committed 960K, reserved 1048576K
}
Event: 3496.242 GC heap before
{Heap before GC invocations=8 (full 0):
 garbage-first heap   total 264192K, used 153159K [0x0000000700000000, 0x0000000800000000)
  region size 2048K, 76 young (155648K), 2 survivors (4096K)
 Metaspace       used 8956K, committed 9152K, reserved 1114112K
  class space    used 869K, committed 960K, reserved 1048576K
}
Event: 3496.280 GC heap after
{Heap after GC invocations=9 (full 0):
 garbage-first heap   total 264192K, used 3615K [0x0000000700000000, 0x0000000800000000)
  region size 2048K, 2 young (4096K), 2 survivors (4096K)
 Metaspace       used 8956K, committed 9152K, reserved 1114112K
  class space    used 869K, committed 960K, reserved 1048576K
}

